<?xml version="1.0" encoding="UTF-8"?>
<!-- Generated by org.testng.reporters.JUnitXMLReporter -->
<testsuite ignored="0" hostname="D-113124373" failures="1" tests="13" name="Test" time="152.599" errors="0" timestamp="2023-03-03T12:40:31 IST">
  <testcase classname="com.wipro.testcases.AccountRegister" name="createAccount" time="20.3">
    <failure type="java.lang.AssertionError" message="expected [true] but found [false]">
      <![CDATA[java.lang.AssertionError: expected [true] but found [false]
at com.wipro.testcases.AccountRegister.createAccount(AccountRegister.java:26)
at java.base/java.util.ArrayList.forEach(ArrayList.java:1511)
... Removed 31 stack frames]]>
    </failure>
  </testcase> <!-- createAccount -->
  <testcase classname="io.cucumber.testng.AbstractTestNGCucumberTests" name="runScenario" time="25.935"/>
  <testcase classname="com.wipro.testcases.PlaceOrder" name="loginTest" time="4.725"/>
  <testcase classname="com.wipro.testcases.PlaceOrder" name="selectDesktopTest" time="6.611"/>
  <testcase classname="com.wipro.testcases.PlaceOrder" name="addToCartTest" time="10.114"/>
  <testcase classname="com.wipro.testcases.PlaceOrder" name="clickShoppingCartTest" time="3.13"/>
  <testcase classname="com.wipro.testcases.PlaceOrder" name="clickCheckoutTest" time="8.7"/>
  <testcase classname="com.wipro.testcases.PlaceOrder" name="makePaymentTest" time="6.288"/>
  <testcase classname="com.wipro.testcases.PlaceOrder" name="clickConfirmTest" time="1.17"/>
  <testcase classname="com.wipro.testcases.PlaceOrder" name="valiadteLogout" time="6.467"/>
  <testcase classname="com.wipro.testcases.ValidateMenu" name="loginTest" time="4.784"/>
  <testcase classname="com.wipro.testcases.ValidateMenu" name="valiadteLogout" time="6.173"/>
  <testcase classname="com.wipro.testcases.ValidateMenu" name="validateMenuTest" time="13.397"/>
</testsuite> <!-- Test -->
